Buildfile: D:\host\chocalaFW\framework\orm\propel\generator\build.xml
[resolvepath] Resolved D:\host\chocalaFW\framework\generator\mapping to D:\host\chocalaFW\framework\generator\mapping

propel-project-builder > check-project-or-dir-set:


propel-project-builder > check-project-set:


propel-project-builder > set-project-dir:


propel-project-builder > check-buildprops-exists:


propel-project-builder > check-buildprops-for-propel-gen:


propel-project-builder > check-buildprops:


propel-project-builder > configure:

     [echo] Loading project-specific props from D:\host\chocalaFW\framework\generator\mapping/build.properties
 [property] Loading D:\host\chocalaFW\framework\generator\mapping\build.properties

propel-project-builder > main:

    [phing] Calling Buildfile 'D:\host\chocalaFW\framework\orm\propel\generator\build-propel.xml' with target 'main'
 [property] Loading D:\host\chocalaFW\framework\orm\propel\generator\.\default.properties

propel > mysqli-check:


propel > main:

[phingcall] Calling Buildfile 'D:\host\chocalaFW\framework\orm\propel\generator\build-propel.xml' with target 'sql'
 [property] Loading D:\host\chocalaFW\framework\orm\propel\generator\.\default.properties

propel > check-run-only-on-schema-change:


propel > sql-check:


propel > pgsql-quoting-check:


propel > mysqli-check:


propel > sql:

     [echo] +------------------------------------------+
     [echo] |                                          |
     [echo] | Generating SQL for YOUR Propel project!  |
     [echo] |                                          |
     [echo] +------------------------------------------+
[phingcall] Calling Buildfile 'D:\host\chocalaFW\framework\orm\propel\generator\build-propel.xml' with target 'sql-template'
 [property] Loading D:\host\chocalaFW\framework\orm\propel\generator\.\default.properties

propel > sql-template:

[propel-sql] Loading XML schema files...
[propel-sql] 4 tables found in 1 schema files.
[propel-sql] [Unchanged] schema.sql
[phingcall] Calling Buildfile 'D:\host\chocalaFW\framework\orm\propel\generator\build-propel.xml' with target 'om'
 [property] Loading D:\host\chocalaFW\framework\orm\propel\generator\.\default.properties

propel > check-run-only-on-schema-change:


propel > om-check:


propel > mysqli-check:


propel > om:

     [echo] +------------------------------------------+
     [echo] |                                          |
     [echo] | Generating Peer-based Object Model for   |
     [echo] | YOUR Propel project!                     |
     [echo] |                                          |
     [echo] +------------------------------------------+
[phingcall] Calling Buildfile 'D:\host\chocalaFW\framework\orm\propel\generator\build-propel.xml' with target 'om-template'
 [property] Loading D:\host\chocalaFW\framework\orm\propel\generator\.\default.properties

propel > om-template:

[propel-om] Loading XML schema files...
[propel-om] 4 tables found in 1 schema files.
[propel-om] Generating PHP files...
[PHP Error] include_once(builder\om\PHP5PeerBuilder.php) [<a href='function.include-once'>function.include-once</a>]: failed to open stream: No such file or directory [line 1016 of D:\host\chocalaFW\framework\lib\phing\classes\phing\Phing.php]
[PHP Error] include_once() [<a href='function.include'>function.include</a>]: Failed opening 'builder\om\PHP5PeerBuilder.php' for inclusion (include_path='D:\host\chocalaFW\framework\lib\phing/classes/;D:\host\chocalaFW\application\protected\model\domain\;.;C:\php\pear') [line 1016 of D:\host\chocalaFW\framework\lib\phing\classes\phing\Phing.php]

BUILD FINISHED

Total time: 2.3046 seconds

