Buildfile: D:\host\chocalaFW\framework\orm\propel\generator\build.xml
[resolvepath] Resolved D:\host\chocalaFW\framework\generator\mapping to D:\host\chocalaFW\framework\generator\mapping

propel-project-builder > check-project-or-dir-set:


propel-project-builder > check-project-set:


propel-project-builder > set-project-dir:


propel-project-builder > check-buildprops-exists:


propel-project-builder > check-buildprops-for-propel-gen:


propel-project-builder > check-buildprops:


propel-project-builder > configure:

     [echo] Loading project-specific props from D:\host\chocalaFW\framework\generator\mapping/build.properties
 [property] Loading D:\host\chocalaFW\framework\generator\mapping\build.properties

propel-project-builder > reverse:

    [phing] Calling Buildfile 'D:\host\chocalaFW\framework\orm\propel\generator\build-propel.xml' with target 'reverse'
 [property] Loading D:\host\chocalaFW\framework\orm\propel\generator\.\default.properties

propel > reverse:

     [echo] +-----------------------------------------------+
     [echo] |                                               |
     [echo] | Generating XML from PDO connection !          |
     [echo] |                                               |
     [echo] +-----------------------------------------------+
[propel-schema-reverse] Reading database structure...
[propel-schema-reverse] Successfully reverse engineered 4 tables
[propel-schema-reverse] Writing XML to file: D:\host\chocalaFW\framework\generator\mapping\schema.xml
[propel-schema-reverse] Schema reverse engineering finished

BUILD FINISHED

Total time: 2.6746 seconds

